<?xml version="1.0" encoding="UTF-8"?>
<!-- Generated by org.testng.reporters.JUnitXMLReporter -->
<testsuite ignored="0" hostname="Ramsha" failures="0" tests="3" name="Default test" time="4.605" errors="0" timestamp="2026-07-08T01:12:16 IST">
  <testcase classname="afnanacademy.dynamicJson.DynamicJson1" name="AddBook" time="3.798"/>
  <testcase classname="afnanacademy.dynamicJson.DynamicJson1" name="AddBook" time="0.371"/>
  <testcase classname="afnanacademy.dynamicJson.DynamicJson1" name="AddBook" time="0.342"/>
</testsuite> <!-- Default test -->
