<?xml version="1.0" encoding="UTF-8"?>
<testng-results ignored="0" total="3" passed="3" failed="0" skipped="0">
  <reporter-output>
  </reporter-output>
  <suite started-at="2026-07-08T01:12:12 IST" name="Default suite" finished-at="2026-07-08T01:12:16 IST" duration-ms="4605">
    <groups>
    </groups>
    <test started-at="2026-07-08T01:12:12 IST" name="Default test" finished-at="2026-07-08T01:12:16 IST" duration-ms="4605">
      <class name="afnanacademy.dynamicJson.DynamicJson1">
        <test-method signature="AddBook(java.lang.String,java.lang.String)[pri:0, instance:afnanacademy.dynamicJson.DynamicJson1@351d00c0]" started-at="2026-07-08T01:12:12 IST" name="AddBook" data-provider="BooksData" finished-at="2026-07-08T01:12:15 IST" duration-ms="3798" status="PASS">
          <params>
            <param index="0">
              <value>
                <![CDATA[ojtreds]]>
              </value>
            </param>
            <param index="1">
              <value>
                <![CDATA[9363]]>
              </value>
            </param>
          </params>
          <reporter-output>
          </reporter-output>
        </test-method> <!-- AddBook -->
        <test-method signature="AddBook(java.lang.String,java.lang.String)[pri:0, instance:afnanacademy.dynamicJson.DynamicJson1@351d00c0]" started-at="2026-07-08T01:12:15 IST" name="AddBook" data-provider="BooksData" finished-at="2026-07-08T01:12:16 IST" duration-ms="371" status="PASS">
          <params>
            <param index="0">
              <value>
                <![CDATA[jhhjsd]]>
              </value>
            </param>
            <param index="1">
              <value>
                <![CDATA[9864]]>
              </value>
            </param>
          </params>
          <reporter-output>
          </reporter-output>
        </test-method> <!-- AddBook -->
        <test-method signature="AddBook(java.lang.String,java.lang.String)[pri:0, instance:afnanacademy.dynamicJson.DynamicJson1@351d00c0]" started-at="2026-07-08T01:12:16 IST" name="AddBook" data-provider="BooksData" finished-at="2026-07-08T01:12:16 IST" duration-ms="342" status="PASS">
          <params>
            <param index="0">
              <value>
                <![CDATA[rtfdssf]]>
              </value>
            </param>
            <param index="1">
              <value>
                <![CDATA[4321]]>
              </value>
            </param>
          </params>
          <reporter-output>
          </reporter-output>
        </test-method> <!-- AddBook -->
      </class> <!-- afnanacademy.dynamicJson.DynamicJson1 -->
    </test> <!-- Default test -->
  </suite> <!-- Default suite -->
</testng-results>
