<?xml version="1.0" encoding="UTF-8"?>
<!-- Generated by org.testng.reporters.JUnitReportReporter -->
<testsuite hostname="Ramsha" failures="0" tests="3" name="afnanacademy.dynamicJson.DynamicJson1" time="4.511" errors="0" timestamp="2026-07-08T01:12:16 IST" skipped="0">
  <testcase classname="afnanacademy.dynamicJson.DynamicJson1" name="AddBook" time="0.342"/>
  <testcase classname="afnanacademy.dynamicJson.DynamicJson1" name="AddBook" time="0.371"/>
  <testcase classname="afnanacademy.dynamicJson.DynamicJson1" name="AddBook" time="3.798"/>
</testsuite> <!-- afnanacademy.dynamicJson.DynamicJson1 -->
